  write_gradual_change_obj_2.0.cpp
f:\repos\3d display\3d display\write_gradual_change_obj_2.0.cpp(11): warning C4326: “main”的返回类型应为“int”而非“void”
f:\repos\3d display\3d display\write_gradual_change_obj_2.0.cpp(26): warning C4244: “初始化”: 从“double”转换到“float”，可能丢失数据
f:\repos\3d display\3d display\write_gradual_change_obj_2.0.cpp(34): warning C4838: 从“double”转换到“GLfloat”需要收缩转换
f:\repos\3d display\3d display\write_gradual_change_obj_2.0.cpp(34): warning C4244: “初始化”: 从“double”转换到“GLfloat”，可能丢失数据
f:\repos\3d display\3d display\write_gradual_change_obj_2.0.cpp(35): warning C4838: 从“double”转换到“GLfloat”需要收缩转换
f:\repos\3d display\3d display\write_gradual_change_obj_2.0.cpp(35): warning C4244: “初始化”: 从“double”转换到“GLfloat”，可能丢失数据
f:\repos\3d display\3d display\write_gradual_change_obj_2.0.cpp(36): warning C4838: 从“double”转换到“GLfloat”需要收缩转换
f:\repos\3d display\3d display\write_gradual_change_obj_2.0.cpp(36): warning C4244: “初始化”: 从“double”转换到“GLfloat”，可能丢失数据
f:\repos\3d display\3d display\write_gradual_change_obj_2.0.cpp(37): warning C4838: 从“double”转换到“GLfloat”需要收缩转换
f:\repos\3d display\3d display\write_gradual_change_obj_2.0.cpp(37): warning C4244: “初始化”: 从“double”转换到“GLfloat”，可能丢失数据
f:\repos\3d display\3d display\write_gradual_change_obj_2.0.cpp(39): warning C4838: 从“double”转换到“GLfloat”需要收缩转换
f:\repos\3d display\3d display\write_gradual_change_obj_2.0.cpp(39): warning C4244: “初始化”: 从“double”转换到“GLfloat”，可能丢失数据
f:\repos\3d display\3d display\write_gradual_change_obj_2.0.cpp(40): warning C4838: 从“double”转换到“GLfloat”需要收缩转换
f:\repos\3d display\3d display\write_gradual_change_obj_2.0.cpp(40): warning C4244: “初始化”: 从“double”转换到“GLfloat”，可能丢失数据
f:\repos\3d display\3d display\write_gradual_change_obj_2.0.cpp(41): warning C4838: 从“double”转换到“GLfloat”需要收缩转换
f:\repos\3d display\3d display\write_gradual_change_obj_2.0.cpp(41): warning C4244: “初始化”: 从“double”转换到“GLfloat”，可能丢失数据
f:\repos\3d display\3d display\write_gradual_change_obj_2.0.cpp(42): warning C4838: 从“double”转换到“GLfloat”需要收缩转换
f:\repos\3d display\3d display\write_gradual_change_obj_2.0.cpp(42): warning C4244: “初始化”: 从“double”转换到“GLfloat”，可能丢失数据
f:\repos\3d display\3d display\write_gradual_change_obj_2.0.cpp(44): warning C4838: 从“double”转换到“GLfloat”需要收缩转换
f:\repos\3d display\3d display\write_gradual_change_obj_2.0.cpp(44): warning C4244: “初始化”: 从“double”转换到“GLfloat”，可能丢失数据
f:\repos\3d display\3d display\write_gradual_change_obj_2.0.cpp(45): warning C4838: 从“double”转换到“GLfloat”需要收缩转换
f:\repos\3d display\3d display\write_gradual_change_obj_2.0.cpp(45): warning C4244: “初始化”: 从“double”转换到“GLfloat”，可能丢失数据
f:\repos\3d display\3d display\write_gradual_change_obj_2.0.cpp(46): warning C4838: 从“double”转换到“GLfloat”需要收缩转换
f:\repos\3d display\3d display\write_gradual_change_obj_2.0.cpp(46): warning C4244: “初始化”: 从“double”转换到“GLfloat”，可能丢失数据
f:\repos\3d display\3d display\write_gradual_change_obj_2.0.cpp(47): warning C4838: 从“double”转换到“GLfloat”需要收缩转换
f:\repos\3d display\3d display\write_gradual_change_obj_2.0.cpp(47): warning C4244: “初始化”: 从“double”转换到“GLfloat”，可能丢失数据
f:\repos\3d display\3d display\write_gradual_change_obj_2.0.cpp(49): warning C4838: 从“double”转换到“GLfloat”需要收缩转换
f:\repos\3d display\3d display\write_gradual_change_obj_2.0.cpp(49): warning C4244: “初始化”: 从“double”转换到“GLfloat”，可能丢失数据
f:\repos\3d display\3d display\write_gradual_change_obj_2.0.cpp(50): warning C4838: 从“double”转换到“GLfloat”需要收缩转换
f:\repos\3d display\3d display\write_gradual_change_obj_2.0.cpp(50): warning C4244: “初始化”: 从“double”转换到“GLfloat”，可能丢失数据
f:\repos\3d display\3d display\write_gradual_change_obj_2.0.cpp(51): warning C4838: 从“double”转换到“GLfloat”需要收缩转换
f:\repos\3d display\3d display\write_gradual_change_obj_2.0.cpp(51): warning C4244: “初始化”: 从“double”转换到“GLfloat”，可能丢失数据
f:\repos\3d display\3d display\write_gradual_change_obj_2.0.cpp(53): warning C4838: 从“double”转换到“GLfloat”需要收缩转换
f:\repos\3d display\3d display\write_gradual_change_obj_2.0.cpp(53): warning C4244: “初始化”: 从“double”转换到“GLfloat”，可能丢失数据
f:\repos\3d display\3d display\write_gradual_change_obj_2.0.cpp(54): warning C4838: 从“double”转换到“GLfloat”需要收缩转换
f:\repos\3d display\3d display\write_gradual_change_obj_2.0.cpp(54): warning C4244: “初始化”: 从“double”转换到“GLfloat”，可能丢失数据
f:\repos\3d display\3d display\write_gradual_change_obj_2.0.cpp(55): warning C4838: 从“double”转换到“GLfloat”需要收缩转换
f:\repos\3d display\3d display\write_gradual_change_obj_2.0.cpp(55): warning C4244: “初始化”: 从“double”转换到“GLfloat”，可能丢失数据
f:\repos\3d display\3d display\write_gradual_change_obj_2.0.cpp(114): warning C4838: 从“double”转换到“GLfloat”需要收缩转换
f:\repos\3d display\3d display\write_gradual_change_obj_2.0.cpp(114): warning C4244: “初始化”: 从“double”转换到“GLfloat”，可能丢失数据
f:\repos\3d display\3d display\write_gradual_change_obj_2.0.cpp(115): warning C4838: 从“double”转换到“GLfloat”需要收缩转换
f:\repos\3d display\3d display\write_gradual_change_obj_2.0.cpp(115): warning C4244: “初始化”: 从“double”转换到“GLfloat”，可能丢失数据
f:\repos\3d display\3d display\write_gradual_change_obj_2.0.cpp(116): warning C4838: 从“double”转换到“GLfloat”需要收缩转换
f:\repos\3d display\3d display\write_gradual_change_obj_2.0.cpp(116): warning C4244: “初始化”: 从“double”转换到“GLfloat”，可能丢失数据
f:\repos\3d display\3d display\write_gradual_change_obj_2.0.cpp(117): warning C4838: 从“double”转换到“GLfloat”需要收缩转换
f:\repos\3d display\3d display\write_gradual_change_obj_2.0.cpp(117): warning C4244: “初始化”: 从“double”转换到“GLfloat”，可能丢失数据
f:\repos\3d display\3d display\write_gradual_change_obj_2.0.cpp(119): warning C4838: 从“double”转换到“GLfloat”需要收缩转换
f:\repos\3d display\3d display\write_gradual_change_obj_2.0.cpp(119): warning C4244: “初始化”: 从“double”转换到“GLfloat”，可能丢失数据
f:\repos\3d display\3d display\write_gradual_change_obj_2.0.cpp(120): warning C4838: 从“double”转换到“GLfloat”需要收缩转换
f:\repos\3d display\3d display\write_gradual_change_obj_2.0.cpp(120): warning C4244: “初始化”: 从“double”转换到“GLfloat”，可能丢失数据
f:\repos\3d display\3d display\write_gradual_change_obj_2.0.cpp(121): warning C4838: 从“double”转换到“GLfloat”需要收缩转换
f:\repos\3d display\3d display\write_gradual_change_obj_2.0.cpp(121): warning C4244: “初始化”: 从“double”转换到“GLfloat”，可能丢失数据
f:\repos\3d display\3d display\write_gradual_change_obj_2.0.cpp(122): warning C4838: 从“double”转换到“GLfloat”需要收缩转换
f:\repos\3d display\3d display\write_gradual_change_obj_2.0.cpp(122): warning C4244: “初始化”: 从“double”转换到“GLfloat”，可能丢失数据
f:\repos\3d display\3d display\write_gradual_change_obj_2.0.cpp(124): warning C4838: 从“double”转换到“GLfloat”需要收缩转换
f:\repos\3d display\3d display\write_gradual_change_obj_2.0.cpp(124): warning C4244: “初始化”: 从“double”转换到“GLfloat”，可能丢失数据
f:\repos\3d display\3d display\write_gradual_change_obj_2.0.cpp(125): warning C4838: 从“double”转换到“GLfloat”需要收缩转换
f:\repos\3d display\3d display\write_gradual_change_obj_2.0.cpp(125): warning C4244: “初始化”: 从“double”转换到“GLfloat”，可能丢失数据
f:\repos\3d display\3d display\write_gradual_change_obj_2.0.cpp(126): warning C4838: 从“double”转换到“GLfloat”需要收缩转换
f:\repos\3d display\3d display\write_gradual_change_obj_2.0.cpp(126): warning C4244: “初始化”: 从“double”转换到“GLfloat”，可能丢失数据
f:\repos\3d display\3d display\write_gradual_change_obj_2.0.cpp(127): warning C4838: 从“double”转换到“GLfloat”需要收缩转换
f:\repos\3d display\3d display\write_gradual_change_obj_2.0.cpp(127): warning C4244: “初始化”: 从“double”转换到“GLfloat”，可能丢失数据
f:\repos\3d display\3d display\write_gradual_change_obj_2.0.cpp(129): warning C4838: 从“double”转换到“GLfloat”需要收缩转换
f:\repos\3d display\3d display\write_gradual_change_obj_2.0.cpp(129): warning C4244: “初始化”: 从“double”转换到“GLfloat”，可能丢失数据
f:\repos\3d display\3d display\write_gradual_change_obj_2.0.cpp(130): warning C4838: 从“double”转换到“GLfloat”需要收缩转换
f:\repos\3d display\3d display\write_gradual_change_obj_2.0.cpp(130): warning C4244: “初始化”: 从“double”转换到“GLfloat”，可能丢失数据
f:\repos\3d display\3d display\write_gradual_change_obj_2.0.cpp(131): warning C4838: 从“double”转换到“GLfloat”需要收缩转换
f:\repos\3d display\3d display\write_gradual_change_obj_2.0.cpp(131): warning C4244: “初始化”: 从“double”转换到“GLfloat”，可能丢失数据
f:\repos\3d display\3d display\write_gradual_change_obj_2.0.cpp(133): warning C4838: 从“double”转换到“GLfloat”需要收缩转换
f:\repos\3d display\3d display\write_gradual_change_obj_2.0.cpp(133): warning C4244: “初始化”: 从“double”转换到“GLfloat”，可能丢失数据
f:\repos\3d display\3d display\write_gradual_change_obj_2.0.cpp(134): warning C4838: 从“double”转换到“GLfloat”需要收缩转换
f:\repos\3d display\3d display\write_gradual_change_obj_2.0.cpp(134): warning C4244: “初始化”: 从“double”转换到“GLfloat”，可能丢失数据
f:\repos\3d display\3d display\write_gradual_change_obj_2.0.cpp(135): warning C4838: 从“double”转换到“GLfloat”需要收缩转换
f:\repos\3d display\3d display\write_gradual_change_obj_2.0.cpp(135): warning C4244: “初始化”: 从“double”转换到“GLfloat”，可能丢失数据
  3D display.vcxproj -> F:\repos\3D display\Debug\3D display.exe
